{
  "0 debug pnpm:scope": {
    "selected": 1
  },
  "1 info pnpm": {
    "err": {
      "name": "Error",
      "message": "not found: builg",
      "code": "ENOENT",
      "stack": "Error: not found: builg\n    at getNotFoundError (/opt/homebrew/lib/node_modules/pnpm/dist/pnpm.cjs:21148:51)\n    at Function.whichSync [as sync] (/opt/homebrew/lib/node_modules/pnpm/dist/pnpm.cjs:21225:13)\n    at getCommandAbsolutePathSync (/opt/homebrew/lib/node_modules/pnpm/dist/pnpm.cjs:22903:44)\n    at default_1 (/opt/homebrew/lib/node_modules/pnpm/dist/pnpm.cjs:22912:32)\n    at /opt/homebrew/lib/node_modules/pnpm/dist/pnpm.cjs:179918:39"
    }
  },
  "2 error pnpm": {
    "code": "ERR_PNPM_RECURSIVE_EXEC_FIRST_FAIL",
    "prefix": "/Users/burkeb1/dev/github.com/brnbke/stillraining.com",
    "err": {
      "name": "pnpm",
      "message": "not found: builg",
      "code": "ERR_PNPM_RECURSIVE_EXEC_FIRST_FAIL",
      "stack": "Error: not found: builg\n    at getNotFoundError (/opt/homebrew/lib/node_modules/pnpm/dist/pnpm.cjs:21148:51)\n    at Function.whichSync [as sync] (/opt/homebrew/lib/node_modules/pnpm/dist/pnpm.cjs:21225:13)\n    at getCommandAbsolutePathSync (/opt/homebrew/lib/node_modules/pnpm/dist/pnpm.cjs:22903:44)\n    at default_1 (/opt/homebrew/lib/node_modules/pnpm/dist/pnpm.cjs:22912:32)\n    at /opt/homebrew/lib/node_modules/pnpm/dist/pnpm.cjs:179918:39"
    }
  }
}